Found 10 CSV files
Loading: 2025-09-20T11_2025-09-21T11_training_data.csv with 100 rows
Loading: 2025-09-30T11_2025-10-01T11_training_data.csv with 100 rows
Loading: 2025-10-28T11_2025-10-29T11_training_data.csv with 100 rows
Loading: 2025-10-29T11_2025-10-30T11_training_data.csv with 100 rows
Loading: 2025-10-30T11_2025-10-31T11_training_data.csv with 100 rows
Loading: 2025-10-31T11_2025-11-01T11_training_data.csv with 100 rows
Loading: 2025-11-01T11_2025-11-02T11_training_data.csv with 100 rows
Loading: 2025-11-02T11_2025-11-03T11_training_data.csv with 100 rows
Loading: 2025-11-03T11_2025-11-04T11_training_data.csv with 100 rows
Loading: 2025-11-04T11_2025-11-05T11_training_data.csv with 100 rows
Total rows loaded: 1000
Training data shape: X=(1000, 19), y=(1000,)
Using device: cuda

Epoch 1/500:   0%|          | 0/32 [00:00<?, ?it/s]
Epoch 1/500:   3%|â–Ž         | 1/32 [00:00<00:18,  1.71it/s]
                                                           
Epoch 1/500, Loss: 0.300123

Epoch 2/500:   0%|          | 0/32 [00:00<?, ?it/s]
                                                   
Epoch 2/500, Loss: 0.206333

Epoch 3/500:   0%|          | 0/32 [00:00<?, ?it/s]
                                                   
Epoch 3/500, Loss: 0.179969

Epoch 4/500:   0%|          | 0/32 [00:00<?, ?it/s]
                                                   
Epoch 4/500, Loss: 0.203285

Epoch 5/500:   0%|          | 0/32 [00:00<?, ?it/s]
                                                   
Epoch 5/500, Loss: 0.181853

Epoch 6/500:   0%|          | 0/32 [00:00<?, ?it/s]
                                                   
Epoch 6/500, Loss: 0.163447

Epoch 7/500:   0%|          | 0/32 [00:00<?, ?it/s]
                                                   
Epoch 7/500, Loss: 0.164637

Epoch 8/500:   0%|          | 0/32 [00:00<?, ?it/s]
                                                   
Epoch 8/500, Loss: 0.152674

Epoch 9/500:   0%|          | 0/32 [00:00<?, ?it/s]
                                                   
Epoch 9/500, Loss: 0.144376

Epoch 10/500:   0%|          | 0/32 [00:00<?, ?it/s]
                                                    
Epoch 10/500, Loss: 0.137509

Epoch 11/500:   0%|          | 0/32 [00:00<?, ?it/s]
                                                    
Epoch 11/500, Loss: 0.121832

Epoch 12/500:   0%|          | 0/32 [00:00<?, ?it/s]
                                                    
Epoch 12/500, Loss: 0.121211

Epoch 13/500:   0%|          | 0/32 [00:00<?, ?it/s]
                                                    
Epoch 13/500, Loss: 0.120544

Epoch 14/500:   0%|          | 0/32 [00:00<?, ?it/s]
                                                    
Epoch 14/500, Loss: 0.101558

Epoch 15/500:   0%|          | 0/32 [00:00<?, ?it/s]
                                                    
Epoch 15/500, Loss: 0.125416

Epoch 16/500:   0%|          | 0/32 [00:00<?, ?it/s]
                                                    
Epoch 16/500, Loss: 0.113395

Epoch 17/500:   0%|          | 0/32 [00:00<?, ?it/s]
                                                    
Epoch 17/500, Loss: 0.111463

Epoch 18/500:   0%|          | 0/32 [00:00<?, ?it/s]
                                                    
Epoch 18/500, Loss: 0.103539

Epoch 19/500:   0%|          | 0/32 [00:00<?, ?it/s]
                                                    
Epoch 19/500, Loss: 0.100390

Epoch 20/500:   0%|          | 0/32 [00:00<?, ?it/s]
                                                    
Epoch 20/500, Loss: 0.107205

Epoch 21/500:   0%|          | 0/32 [00:00<?, ?it/s]
                                                    
Epoch 21/500, Loss: 0.089406

Epoch 22/500:   0%|          | 0/32 [00:00<?, ?it/s]
                                                    
Epoch 22/500, Loss: 0.111871

Epoch 23/500:   0%|          | 0/32 [00:00<?, ?it/s]
                                                    
Epoch 23/500, Loss: 0.092158

Epoch 24/500:   0%|          | 0/32 [00:00<?, ?it/s]
                                                    
Epoch 24/500, Loss: 0.088083

Epoch 25/500:   0%|          | 0/32 [00:00<?, ?it/s]
                                                    
Epoch 25/500, Loss: 0.094770

Epoch 26/500:   0%|          | 0/32 [00:00<?, ?it/s]
                                                    
Epoch 26/500, Loss: 0.109757

Epoch 27/500:   0%|          | 0/32 [00:00<?, ?it/s]
                                                    
Epoch 27/500, Loss: 0.093685

Epoch 28/500:   0%|          | 0/32 [00:00<?, ?it/s]
                                                    
Epoch 28/500, Loss: 0.093192

Epoch 29/500:   0%|          | 0/32 [00:00<?, ?it/s]
                                                    
Epoch 29/500, Loss: 0.106092

Epoch 30/500:   0%|          | 0/32 [00:00<?, ?it/s]
                                                    
Epoch 30/500, Loss: 0.094052

Epoch 31/500:   0%|          | 0/32 [00:00<?, ?it/s]
                                                    
Epoch 31/500, Loss: 0.089412

Epoch 32/500:   0%|          | 0/32 [00:00<?, ?it/s]
                                                    
Epoch 32/500, Loss: 0.078374

Epoch 33/500:   0%|          | 0/32 [00:00<?, ?it/s]
                                                    
Epoch 33/500, Loss: 0.104911

Epoch 34/500:   0%|          | 0/32 [00:00<?, ?it/s]
                                                    
Epoch 34/500, Loss: 0.087674

Epoch 35/500:   0%|          | 0/32 [00:00<?, ?it/s]
                                                    
Epoch 35/500, Loss: 0.105355

Epoch 36/500:   0%|          | 0/32 [00:00<?, ?it/s]
                                                    
Epoch 36/500, Loss: 0.089169

Epoch 37/500:   0%|          | 0/32 [00:00<?, ?it/s]
                                                    
Epoch 37/500, Loss: 0.080149

Epoch 38/500:   0%|          | 0/32 [00:00<?, ?it/s]
                                                    
Epoch 38/500, Loss: 0.080450

Epoch 39/500:   0%|          | 0/32 [00:00<?, ?it/s]
                                                    
Epoch 39/500, Loss: 0.097407

Epoch 40/500:   0%|          | 0/32 [00:00<?, ?it/s]
                                                    
Epoch 40/500, Loss: 0.076727

Epoch 41/500:   0%|          | 0/32 [00:00<?, ?it/s]
                                                    
Epoch 41/500, Loss: 0.089085

Epoch 42/500:   0%|          | 0/32 [00:00<?, ?it/s]
                                                    
Epoch 42/500, Loss: 0.091525

Epoch 43/500:   0%|          | 0/32 [00:00<?, ?it/s]
                                                    
Epoch 43/500, Loss: 0.086524

Epoch 44/500:   0%|          | 0/32 [00:00<?, ?it/s]
                                                    
Epoch 44/500, Loss: 0.077040

Epoch 45/500:   0%|          | 0/32 [00:00<?, ?it/s]
                                                    
Epoch 45/500, Loss: 0.103095

Epoch 46/500:   0%|          | 0/32 [00:00<?, ?it/s]
                                                    
Epoch 46/500, Loss: 0.083181

Epoch 47/500:   0%|          | 0/32 [00:00<?, ?it/s]
                                                    
Epoch 47/500, Loss: 0.083116

Epoch 48/500:   0%|          | 0/32 [00:00<?, ?it/s]
                                                    
Epoch 48/500, Loss: 0.079194

Epoch 49/500:   0%|          | 0/32 [00:00<?, ?it/s]
                                                    
Epoch 49/500, Loss: 0.089274

Epoch 50/500:   0%|          | 0/32 [00:00<?, ?it/s]
                                                    
Epoch 50/500, Loss: 0.114327

Epoch 51/500:   0%|          | 0/32 [00:00<?, ?it/s]
                                                    
Epoch 51/500, Loss: 0.094344

Epoch 52/500:   0%|          | 0/32 [00:00<?, ?it/s]
                                                    
Epoch 52/500, Loss: 0.074802

Epoch 53/500:   0%|          | 0/32 [00:00<?, ?it/s]
                                                    
Epoch 53/500, Loss: 0.063679

Epoch 54/500:   0%|          | 0/32 [00:00<?, ?it/s]
                                                    
Epoch 54/500, Loss: 0.072772

Epoch 55/500:   0%|          | 0/32 [00:00<?, ?it/s]
                                                    
Epoch 55/500, Loss: 0.067467

Epoch 56/500:   0%|          | 0/32 [00:00<?, ?it/s]
                                                    
Epoch 56/500, Loss: 0.096893

Epoch 57/500:   0%|          | 0/32 [00:00<?, ?it/s]
                                                    
Epoch 57/500, Loss: 0.070668

Epoch 58/500:   0%|          | 0/32 [00:00<?, ?it/s]
                                                    
Epoch 58/500, Loss: 0.076279

Epoch 59/500:   0%|          | 0/32 [00:00<?, ?it/s]
                                                    
Epoch 59/500, Loss: 0.078372

Epoch 60/500:   0%|          | 0/32 [00:00<?, ?it/s]
                                                    
Epoch 60/500, Loss: 0.066504

Epoch 61/500:   0%|          | 0/32 [00:00<?, ?it/s]
                                                    
Epoch 61/500, Loss: 0.068212

Epoch 62/500:   0%|          | 0/32 [00:00<?, ?it/s]
                                                    
Epoch 62/500, Loss: 0.068783

Epoch 63/500:   0%|          | 0/32 [00:00<?, ?it/s]
                                                    
Epoch 63/500, Loss: 0.062553

Epoch 64/500:   0%|          | 0/32 [00:00<?, ?it/s]
                                                    
Epoch 64/500, Loss: 0.068730

Epoch 65/500:   0%|          | 0/32 [00:00<?, ?it/s]
                                                    
Epoch 65/500, Loss: 0.070331

Epoch 66/500:   0%|          | 0/32 [00:00<?, ?it/s]
                                                    
Epoch 66/500, Loss: 0.068753

Epoch 67/500:   0%|          | 0/32 [00:00<?, ?it/s]
                                                    
Epoch 67/500, Loss: 0.065779

Epoch 68/500:   0%|          | 0/32 [00:00<?, ?it/s]
                                                    
Epoch 68/500, Loss: 0.063134

Epoch 69/500:   0%|          | 0/32 [00:00<?, ?it/s]
                                                    
Epoch 69/500, Loss: 0.067019

Epoch 70/500:   0%|          | 0/32 [00:00<?, ?it/s]
                                                    
Epoch 70/500, Loss: 0.067375

Epoch 71/500:   0%|          | 0/32 [00:00<?, ?it/s]
                                                    
Epoch 71/500, Loss: 0.067977

Epoch 72/500:   0%|          | 0/32 [00:00<?, ?it/s]
                                                    
Epoch 72/500, Loss: 0.068430

Epoch 73/500:   0%|          | 0/32 [00:00<?, ?it/s]
                                                    
Epoch 73/500, Loss: 0.069686

Epoch 74/500:   0%|          | 0/32 [00:00<?, ?it/s]
                                                    
Epoch 74/500, Loss: 0.066407

Epoch 75/500:   0%|          | 0/32 [00:00<?, ?it/s]
                                                    
Epoch 75/500, Loss: 0.074599

Epoch 76/500:   0%|          | 0/32 [00:00<?, ?it/s]
                                                    
Epoch 76/500, Loss: 0.063190

Epoch 77/500:   0%|          | 0/32 [00:00<?, ?it/s]
                                                    
Epoch 77/500, Loss: 0.063096

Epoch 78/500:   0%|          | 0/32 [00:00<?, ?it/s]
                                                    
Epoch 78/500, Loss: 0.068230

Epoch 79/500:   0%|          | 0/32 [00:00<?, ?it/s]
                                                    
Epoch 79/500, Loss: 0.080492

Epoch 80/500:   0%|          | 0/32 [00:00<?, ?it/s]
                                                    
Epoch 80/500, Loss: 0.090453

Epoch 81/500:   0%|          | 0/32 [00:00<?, ?it/s]
                                                    
Epoch 81/500, Loss: 0.068763

Epoch 82/500:   0%|          | 0/32 [00:00<?, ?it/s]
                                                    
Epoch 82/500, Loss: 0.060664

Epoch 83/500:   0%|          | 0/32 [00:00<?, ?it/s]
                                                    
Epoch 83/500, Loss: 0.071290

Epoch 84/500:   0%|          | 0/32 [00:00<?, ?it/s]
                                                    
Epoch 84/500, Loss: 0.062764

Epoch 85/500:   0%|          | 0/32 [00:00<?, ?it/s]
                                                    
Epoch 85/500, Loss: 0.074320

Epoch 86/500:   0%|          | 0/32 [00:00<?, ?it/s]
                                                    
Epoch 86/500, Loss: 0.074834

Epoch 87/500:   0%|          | 0/32 [00:00<?, ?it/s]
                                                    
Epoch 87/500, Loss: 0.059145

Epoch 88/500:   0%|          | 0/32 [00:00<?, ?it/s]
                                                    
Epoch 88/500, Loss: 0.068000

Epoch 89/500:   0%|          | 0/32 [00:00<?, ?it/s]
                                                    
Epoch 89/500, Loss: 0.070861

Epoch 90/500:   0%|          | 0/32 [00:00<?, ?it/s]
                                                    
Epoch 90/500, Loss: 0.072791

Epoch 91/500:   0%|          | 0/32 [00:00<?, ?it/s]
                                                    
Epoch 91/500, Loss: 0.070889

Epoch 92/500:   0%|          | 0/32 [00:00<?, ?it/s]
                                                    
Epoch 92/500, Loss: 0.060218

Epoch 93/500:   0%|          | 0/32 [00:00<?, ?it/s]
                                                    
Epoch 93/500, Loss: 0.060446

Epoch 94/500:   0%|          | 0/32 [00:00<?, ?it/s]
                                                    
Epoch 94/500, Loss: 0.067129

Epoch 95/500:   0%|          | 0/32 [00:00<?, ?it/s]
                                                    
Epoch 95/500, Loss: 0.065767

Epoch 96/500:   0%|          | 0/32 [00:00<?, ?it/s]
                                                    
Epoch 96/500, Loss: 0.075458

Epoch 97/500:   0%|          | 0/32 [00:00<?, ?it/s]
                                                    
Epoch 97/500, Loss: 0.074450

Epoch 98/500:   0%|          | 0/32 [00:00<?, ?it/s]
                                                    
Epoch 98/500, Loss: 0.076025

Epoch 99/500:   0%|          | 0/32 [00:00<?, ?it/s]
                                                    
Epoch 99/500, Loss: 0.068084

Epoch 100/500:   0%|          | 0/32 [00:00<?, ?it/s]
                                                     
Epoch 100/500, Loss: 0.055697

Epoch 101/500:   0%|          | 0/32 [00:00<?, ?it/s]
                                                     
Epoch 101/500, Loss: 0.070769

Epoch 102/500:   0%|          | 0/32 [00:00<?, ?it/s]
                                                     
Epoch 102/500, Loss: 0.064612

Epoch 103/500:   0%|          | 0/32 [00:00<?, ?it/s]
                                                     
Epoch 103/500, Loss: 0.066650

Epoch 104/500:   0%|          | 0/32 [00:00<?, ?it/s]
                                                     
Epoch 104/500, Loss: 0.071501

Epoch 105/500:   0%|          | 0/32 [00:00<?, ?it/s]
                                                     
Epoch 105/500, Loss: 0.065783

Epoch 106/500:   0%|          | 0/32 [00:00<?, ?it/s]
                                                     
Epoch 106/500, Loss: 0.071217

Epoch 107/500:   0%|          | 0/32 [00:00<?, ?it/s]
                                                     
Epoch 107/500, Loss: 0.057341

Epoch 108/500:   0%|          | 0/32 [00:00<?, ?it/s]
                                                     
Epoch 108/500, Loss: 0.063009

Epoch 109/500:   0%|          | 0/32 [00:00<?, ?it/s]
                                                     
Epoch 109/500, Loss: 0.084145

Epoch 110/500:   0%|          | 0/32 [00:00<?, ?it/s]
                                                     
Epoch 110/500, Loss: 0.063166

Epoch 111/500:   0%|          | 0/32 [00:00<?, ?it/s]
                                                     
Epoch 111/500, Loss: 0.065803

Epoch 112/500:   0%|          | 0/32 [00:00<?, ?it/s]
                                                     
Epoch 112/500, Loss: 0.076787

Epoch 113/500:   0%|          | 0/32 [00:00<?, ?it/s]
                                                     
Epoch 113/500, Loss: 0.068266

Epoch 114/500:   0%|          | 0/32 [00:00<?, ?it/s]
                                                     
Epoch 114/500, Loss: 0.064655

Epoch 115/500:   0%|          | 0/32 [00:00<?, ?it/s]
                                                     
Epoch 115/500, Loss: 0.062881

Epoch 116/500:   0%|          | 0/32 [00:00<?, ?it/s]
                                                     
Epoch 116/500, Loss: 0.063357

Epoch 117/500:   0%|          | 0/32 [00:00<?, ?it/s]
                                                     
Epoch 117/500, Loss: 0.067571

Epoch 118/500:   0%|          | 0/32 [00:00<?, ?it/s]
                                                     
Epoch 118/500, Loss: 0.059651

Epoch 119/500:   0%|          | 0/32 [00:00<?, ?it/s]
                                                     
Epoch 119/500, Loss: 0.072022

Epoch 120/500:   0%|          | 0/32 [00:00<?, ?it/s]
                                                     
Epoch 120/500, Loss: 0.067111

Epoch 121/500:   0%|          | 0/32 [00:00<?, ?it/s]
                                                     
Epoch 121/500, Loss: 0.061733

Epoch 122/500:   0%|          | 0/32 [00:00<?, ?it/s]
                                                     
Epoch 122/500, Loss: 0.062685

Epoch 123/500:   0%|          | 0/32 [00:00<?, ?it/s]
                                                     
Epoch 123/500, Loss: 0.062688

Epoch 124/500:   0%|          | 0/32 [00:00<?, ?it/s]
                                                     
Epoch 124/500, Loss: 0.061327

Epoch 125/500:   0%|          | 0/32 [00:00<?, ?it/s]
                                                     
Epoch 125/500, Loss: 0.064555

Epoch 126/500:   0%|          | 0/32 [00:00<?, ?it/s]
                                                     
Epoch 126/500, Loss: 0.067284

Epoch 127/500:   0%|          | 0/32 [00:00<?, ?it/s]
                                                     
Epoch 127/500, Loss: 0.057782

Epoch 128/500:   0%|          | 0/32 [00:00<?, ?it/s]
                                                     
Epoch 128/500, Loss: 0.062293

Epoch 129/500:   0%|          | 0/32 [00:00<?, ?it/s]
                                                     
Epoch 129/500, Loss: 0.054367

Epoch 130/500:   0%|          | 0/32 [00:00<?, ?it/s]
                                                     
Epoch 130/500, Loss: 0.072242

Epoch 131/500:   0%|          | 0/32 [00:00<?, ?it/s]
                                                     
Epoch 131/500, Loss: 0.058946

Epoch 132/500:   0%|          | 0/32 [00:00<?, ?it/s]
                                                     
Epoch 132/500, Loss: 0.074846

Epoch 133/500:   0%|          | 0/32 [00:00<?, ?it/s]
                                                     
Epoch 133/500, Loss: 0.080632

Epoch 134/500:   0%|          | 0/32 [00:00<?, ?it/s]
                                                     
Epoch 134/500, Loss: 0.063945

Epoch 135/500:   0%|          | 0/32 [00:00<?, ?it/s]
                                                     
Epoch 135/500, Loss: 0.066473

Epoch 136/500:   0%|          | 0/32 [00:00<?, ?it/s]
                                                     
Epoch 136/500, Loss: 0.062773

Epoch 137/500:   0%|          | 0/32 [00:00<?, ?it/s]
                                                     
Epoch 137/500, Loss: 0.065310

Epoch 138/500:   0%|          | 0/32 [00:00<?, ?it/s]
                                                     
Epoch 138/500, Loss: 0.063658

Epoch 139/500:   0%|          | 0/32 [00:00<?, ?it/s]
                                                     
Epoch 139/500, Loss: 0.064209

Epoch 140/500:   0%|          | 0/32 [00:00<?, ?it/s]
                                                     
Epoch 140/500, Loss: 0.064321

Epoch 141/500:   0%|          | 0/32 [00:00<?, ?it/s]
                                                     
Epoch 141/500, Loss: 0.072509

Epoch 142/500:   0%|          | 0/32 [00:00<?, ?it/s]
                                                     
Epoch 142/500, Loss: 0.069597

Epoch 143/500:   0%|          | 0/32 [00:00<?, ?it/s]
                                                     
Epoch 143/500, Loss: 0.066934

Epoch 144/500:   0%|          | 0/32 [00:00<?, ?it/s]
                                                     
Epoch 144/500, Loss: 0.070345

Epoch 145/500:   0%|          | 0/32 [00:00<?, ?it/s]
                                                     
Epoch 145/500, Loss: 0.063768

Epoch 146/500:   0%|          | 0/32 [00:00<?, ?it/s]
                                                     
Epoch 146/500, Loss: 0.066097

Epoch 147/500:   0%|          | 0/32 [00:00<?, ?it/s]
                                                     
Epoch 147/500, Loss: 0.063332

Epoch 148/500:   0%|          | 0/32 [00:00<?, ?it/s]
                                                     
Epoch 148/500, Loss: 0.067099

Epoch 149/500:   0%|          | 0/32 [00:00<?, ?it/s]
                                                     
Epoch 149/500, Loss: 0.060299

Epoch 150/500:   0%|          | 0/32 [00:00<?, ?it/s]
                                                     
Epoch 150/500, Loss: 0.067400

Epoch 151/500:   0%|          | 0/32 [00:00<?, ?it/s]
                                                     
Epoch 151/500, Loss: 0.059457

Epoch 152/500:   0%|          | 0/32 [00:00<?, ?it/s]
                                                     
Epoch 152/500, Loss: 0.063155

Epoch 153/500:   0%|          | 0/32 [00:00<?, ?it/s]
                                                     
Epoch 153/500, Loss: 0.057889

Epoch 154/500:   0%|          | 0/32 [00:00<?, ?it/s]
                                                     
Epoch 154/500, Loss: 0.071951

Epoch 155/500:   0%|          | 0/32 [00:00<?, ?it/s]
                                                     
Epoch 155/500, Loss: 0.058484

Epoch 156/500:   0%|          | 0/32 [00:00<?, ?it/s]
                                                     
Epoch 156/500, Loss: 0.061616

Epoch 157/500:   0%|          | 0/32 [00:00<?, ?it/s]
                                                     
Epoch 157/500, Loss: 0.060404

Epoch 158/500:   0%|          | 0/32 [00:00<?, ?it/s]
                                                     
Epoch 158/500, Loss: 0.060689

Epoch 159/500:   0%|          | 0/32 [00:00<?, ?it/s]
                                                     
Epoch 159/500, Loss: 0.065698

Epoch 160/500:   0%|          | 0/32 [00:00<?, ?it/s]
                                                     
Epoch 160/500, Loss: 0.056058

Epoch 161/500:   0%|          | 0/32 [00:00<?, ?it/s]
                                                     
Epoch 161/500, Loss: 0.067220

Epoch 162/500:   0%|          | 0/32 [00:00<?, ?it/s]
                                                     
Epoch 162/500, Loss: 0.062744

Epoch 163/500:   0%|          | 0/32 [00:00<?, ?it/s]
                                                     
Epoch 163/500, Loss: 0.058035

Epoch 164/500:   0%|          | 0/32 [00:00<?, ?it/s]
                                                     
Epoch 164/500, Loss: 0.057098

Epoch 165/500:   0%|          | 0/32 [00:00<?, ?it/s]
                                                     
Epoch 165/500, Loss: 0.066041

Epoch 166/500:   0%|          | 0/32 [00:00<?, ?it/s]
                                                     
Epoch 166/500, Loss: 0.065626

Epoch 167/500:   0%|          | 0/32 [00:00<?, ?it/s]
                                                     
Epoch 167/500, Loss: 0.061112

Epoch 168/500:   0%|          | 0/32 [00:00<?, ?it/s]
                                                     
Epoch 168/500, Loss: 0.070488

Epoch 169/500:   0%|          | 0/32 [00:00<?, ?it/s]
                                                     
Epoch 169/500, Loss: 0.073610

Epoch 170/500:   0%|          | 0/32 [00:00<?, ?it/s]
                                                     
Epoch 170/500, Loss: 0.059208

Epoch 171/500:   0%|          | 0/32 [00:00<?, ?it/s]
                                                     
Epoch 171/500, Loss: 0.069618

Epoch 172/500:   0%|          | 0/32 [00:00<?, ?it/s]
                                                     
Epoch 172/500, Loss: 0.063843

Epoch 173/500:   0%|          | 0/32 [00:00<?, ?it/s]
                                                     
Epoch 173/500, Loss: 0.076629

Epoch 174/500:   0%|          | 0/32 [00:00<?, ?it/s]
                                                     
Epoch 174/500, Loss: 0.057629

Epoch 175/500:   0%|          | 0/32 [00:00<?, ?it/s]
                                                     
Epoch 175/500, Loss: 0.071681

Epoch 176/500:   0%|          | 0/32 [00:00<?, ?it/s]
                                                     
Epoch 176/500, Loss: 0.077160

Epoch 177/500:   0%|          | 0/32 [00:00<?, ?it/s]
                                                     
Epoch 177/500, Loss: 0.061863

Epoch 178/500:   0%|          | 0/32 [00:00<?, ?it/s]
                                                     
Epoch 178/500, Loss: 0.064693

Epoch 179/500:   0%|          | 0/32 [00:00<?, ?it/s]
                                                     
Epoch 179/500, Loss: 0.070101

Epoch 180/500:   0%|          | 0/32 [00:00<?, ?it/s]
                                                     
Epoch 180/500, Loss: 0.063275

Epoch 181/500:   0%|          | 0/32 [00:00<?, ?it/s]
                                                     
Epoch 181/500, Loss: 0.062838

Epoch 182/500:   0%|          | 0/32 [00:00<?, ?it/s]
                                                     
Epoch 182/500, Loss: 0.073385

Epoch 183/500:   0%|          | 0/32 [00:00<?, ?it/s]
                                                     
Epoch 183/500, Loss: 0.071649

Epoch 184/500:   0%|          | 0/32 [00:00<?, ?it/s]
                                                     
Epoch 184/500, Loss: 0.063833

Epoch 185/500:   0%|          | 0/32 [00:00<?, ?it/s]
                                                     
Epoch 185/500, Loss: 0.059568

Epoch 186/500:   0%|          | 0/32 [00:00<?, ?it/s]
                                                     
Epoch 186/500, Loss: 0.068274

Epoch 187/500:   0%|          | 0/32 [00:00<?, ?it/s]
                                                     
Epoch 187/500, Loss: 0.061382

Epoch 188/500:   0%|          | 0/32 [00:00<?, ?it/s]
                                                     
Epoch 188/500, Loss: 0.064808

Epoch 189/500:   0%|          | 0/32 [00:00<?, ?it/s]
                                                     
Epoch 189/500, Loss: 0.068747

Epoch 190/500:   0%|          | 0/32 [00:00<?, ?it/s]
                                                     
Epoch 190/500, Loss: 0.075439

Epoch 191/500:   0%|          | 0/32 [00:00<?, ?it/s]
                                                     
Epoch 191/500, Loss: 0.062029

Epoch 192/500:   0%|          | 0/32 [00:00<?, ?it/s]
                                                     
Epoch 192/500, Loss: 0.082975

Epoch 193/500:   0%|          | 0/32 [00:00<?, ?it/s]
                                                     
Epoch 193/500, Loss: 0.064050

Epoch 194/500:   0%|          | 0/32 [00:00<?, ?it/s]
                                                     
Epoch 194/500, Loss: 0.067690

Epoch 195/500:   0%|          | 0/32 [00:00<?, ?it/s]
                                                     
Epoch 195/500, Loss: 0.064183

Epoch 196/500:   0%|          | 0/32 [00:00<?, ?it/s]
                                                     
Epoch 196/500, Loss: 0.072601

Epoch 197/500:   0%|          | 0/32 [00:00<?, ?it/s]
                                                     
Epoch 197/500, Loss: 0.073742

Epoch 198/500:   0%|          | 0/32 [00:00<?, ?it/s]
                                                     
Epoch 198/500, Loss: 0.076815

Epoch 199/500:   0%|          | 0/32 [00:00<?, ?it/s]
                                                     
Epoch 199/500, Loss: 0.064035

Epoch 200/500:   0%|          | 0/32 [00:00<?, ?it/s]
                                                     
Epoch 200/500, Loss: 0.084867

Epoch 201/500:   0%|          | 0/32 [00:00<?, ?it/s]
                                                     
Epoch 201/500, Loss: 0.079386

Epoch 202/500:   0%|          | 0/32 [00:00<?, ?it/s]
                                                     
Epoch 202/500, Loss: 0.064572

Epoch 203/500:   0%|          | 0/32 [00:00<?, ?it/s]
                                                     
Epoch 203/500, Loss: 0.070224

Epoch 204/500:   0%|          | 0/32 [00:00<?, ?it/s]
                                                     
Epoch 204/500, Loss: 0.062822

Epoch 205/500:   0%|          | 0/32 [00:00<?, ?it/s]
                                                     
Epoch 205/500, Loss: 0.062202

Epoch 206/500:   0%|          | 0/32 [00:00<?, ?it/s]
                                                     
Epoch 206/500, Loss: 0.064882

Epoch 207/500:   0%|          | 0/32 [00:00<?, ?it/s]
                                                     
Epoch 207/500, Loss: 0.064708

Epoch 208/500:   0%|          | 0/32 [00:00<?, ?it/s]
                                                     
Epoch 208/500, Loss: 0.060549

Epoch 209/500:   0%|          | 0/32 [00:00<?, ?it/s]
                                                     
Epoch 209/500, Loss: 0.065489

Epoch 210/500:   0%|          | 0/32 [00:00<?, ?it/s]
                                                     
Epoch 210/500, Loss: 0.065041

Epoch 211/500:   0%|          | 0/32 [00:00<?, ?it/s]
                                                     
Epoch 211/500, Loss: 0.067585

Epoch 212/500:   0%|          | 0/32 [00:00<?, ?it/s]
                                                     
Epoch 212/500, Loss: 0.068729

Epoch 213/500:   0%|          | 0/32 [00:00<?, ?it/s]
                                                     
Epoch 213/500, Loss: 0.067212

Epoch 214/500:   0%|          | 0/32 [00:00<?, ?it/s]
                                                     
Epoch 214/500, Loss: 0.062042

Epoch 215/500:   0%|          | 0/32 [00:00<?, ?it/s]
                                                     
Epoch 215/500, Loss: 0.074557

Epoch 216/500:   0%|          | 0/32 [00:00<?, ?it/s]
                                                     
Epoch 216/500, Loss: 0.075805

Epoch 217/500:   0%|          | 0/32 [00:00<?, ?it/s]
                                                     
Epoch 217/500, Loss: 0.065455

Epoch 218/500:   0%|          | 0/32 [00:00<?, ?it/s]
                                                     
Epoch 218/500, Loss: 0.070084

Epoch 219/500:   0%|          | 0/32 [00:00<?, ?it/s]
                                                     
Epoch 219/500, Loss: 0.072030

Epoch 220/500:   0%|          | 0/32 [00:00<?, ?it/s]
                                                     
Epoch 220/500, Loss: 0.070198

Epoch 221/500:   0%|          | 0/32 [00:00<?, ?it/s]
                                                     
Epoch 221/500, Loss: 0.070664

Epoch 222/500:   0%|          | 0/32 [00:00<?, ?it/s]
                                                     
Epoch 222/500, Loss: 0.065055

Epoch 223/500:   0%|          | 0/32 [00:00<?, ?it/s]
                                                     
Epoch 223/500, Loss: 0.062929

Epoch 224/500:   0%|          | 0/32 [00:00<?, ?it/s]
                                                     
Epoch 224/500, Loss: 0.063091

Epoch 225/500:   0%|          | 0/32 [00:00<?, ?it/s]
                                                     
Epoch 225/500, Loss: 0.066929

Epoch 226/500:   0%|          | 0/32 [00:00<?, ?it/s]
                                                     
Epoch 226/500, Loss: 0.065322

Epoch 227/500:   0%|          | 0/32 [00:00<?, ?it/s]
                                                     
Epoch 227/500, Loss: 0.067680

Epoch 228/500:   0%|          | 0/32 [00:00<?, ?it/s]
                                                     
Epoch 228/500, Loss: 0.060213

Epoch 229/500:   0%|          | 0/32 [00:00<?, ?it/s]
                                                     
Epoch 229/500, Loss: 0.069923

Epoch 230/500:   0%|          | 0/32 [00:00<?, ?it/s]
                                                     
Epoch 230/500, Loss: 0.065112

Epoch 231/500:   0%|          | 0/32 [00:00<?, ?it/s]
                                                     
Epoch 231/500, Loss: 0.067964

Epoch 232/500:   0%|          | 0/32 [00:00<?, ?it/s]
                                                     
Epoch 232/500, Loss: 0.061544

Epoch 233/500:   0%|          | 0/32 [00:00<?, ?it/s]
                                                     
Epoch 233/500, Loss: 0.064364

Epoch 234/500:   0%|          | 0/32 [00:00<?, ?it/s]
                                                     
Epoch 234/500, Loss: 0.066386

Epoch 235/500:   0%|          | 0/32 [00:00<?, ?it/s]
                                                     
Epoch 235/500, Loss: 0.062506

Epoch 236/500:   0%|          | 0/32 [00:00<?, ?it/s]
                                                     
Epoch 236/500, Loss: 0.061146

Epoch 237/500:   0%|          | 0/32 [00:00<?, ?it/s]
                                                     
Epoch 237/500, Loss: 0.070924

Epoch 238/500:   0%|          | 0/32 [00:00<?, ?it/s]
                                                     
Epoch 238/500, Loss: 0.068587

Epoch 239/500:   0%|          | 0/32 [00:00<?, ?it/s]
                                                     
Epoch 239/500, Loss: 0.077588

Epoch 240/500:   0%|          | 0/32 [00:00<?, ?it/s]
                                                     
Epoch 240/500, Loss: 0.069438

Epoch 241/500:   0%|          | 0/32 [00:00<?, ?it/s]
                                                     
Epoch 241/500, Loss: 0.066808

Epoch 242/500:   0%|          | 0/32 [00:00<?, ?it/s]
                                                     
Epoch 242/500, Loss: 0.071483

Epoch 243/500:   0%|          | 0/32 [00:00<?, ?it/s]
                                                     
Epoch 243/500, Loss: 0.065351

Epoch 244/500:   0%|          | 0/32 [00:00<?, ?it/s]
                                                     
Epoch 244/500, Loss: 0.058381

Epoch 245/500:   0%|          | 0/32 [00:00<?, ?it/s]
                                                     
Epoch 245/500, Loss: 0.063199

Epoch 246/500:   0%|          | 0/32 [00:00<?, ?it/s]
                                                     
Epoch 246/500, Loss: 0.056363

Epoch 247/500:   0%|          | 0/32 [00:00<?, ?it/s]
                                                     
Epoch 247/500, Loss: 0.067216

Epoch 248/500:   0%|          | 0/32 [00:00<?, ?it/s]
                                                     
Epoch 248/500, Loss: 0.058745

Epoch 249/500:   0%|          | 0/32 [00:00<?, ?it/s]
                                                     
Epoch 249/500, Loss: 0.073359

Epoch 250/500:   0%|          | 0/32 [00:00<?, ?it/s]
                                                     
Epoch 250/500, Loss: 0.068864

Epoch 251/500:   0%|          | 0/32 [00:00<?, ?it/s]
                                                     
Epoch 251/500, Loss: 0.073070

Epoch 252/500:   0%|          | 0/32 [00:00<?, ?it/s]
                                                     
Epoch 252/500, Loss: 0.071446

Epoch 253/500:   0%|          | 0/32 [00:00<?, ?it/s]
                                                     
Epoch 253/500, Loss: 0.063702

Epoch 254/500:   0%|          | 0/32 [00:00<?, ?it/s]
                                                     
Epoch 254/500, Loss: 0.059407

Epoch 255/500:   0%|          | 0/32 [00:00<?, ?it/s]
                                                     
Epoch 255/500, Loss: 0.060022

Epoch 256/500:   0%|          | 0/32 [00:00<?, ?it/s]
                                                     
Epoch 256/500, Loss: 0.074382

Epoch 257/500:   0%|          | 0/32 [00:00<?, ?it/s]
                                                     
Epoch 257/500, Loss: 0.066320

Epoch 258/500:   0%|          | 0/32 [00:00<?, ?it/s]
                                                     
Epoch 258/500, Loss: 0.086485

Epoch 259/500:   0%|          | 0/32 [00:00<?, ?it/s]
                                                     
Epoch 259/500, Loss: 0.061252

Epoch 260/500:   0%|          | 0/32 [00:00<?, ?it/s]
                                                     
Epoch 260/500, Loss: 0.072976

Epoch 261/500:   0%|          | 0/32 [00:00<?, ?it/s]
                                                     
Epoch 261/500, Loss: 0.067281

Epoch 262/500:   0%|          | 0/32 [00:00<?, ?it/s]
                                                     
Epoch 262/500, Loss: 0.071697

Epoch 263/500:   0%|          | 0/32 [00:00<?, ?it/s]
                                                     
Epoch 263/500, Loss: 0.068331

Epoch 264/500:   0%|          | 0/32 [00:00<?, ?it/s]
                                                     
Epoch 264/500, Loss: 0.071027

Epoch 265/500:   0%|          | 0/32 [00:00<?, ?it/s]
                                                     
Epoch 265/500, Loss: 0.068299

Epoch 266/500:   0%|          | 0/32 [00:00<?, ?it/s]
                                                     
Epoch 266/500, Loss: 0.065572

Epoch 267/500:   0%|          | 0/32 [00:00<?, ?it/s]
                                                     
Epoch 267/500, Loss: 0.062401

Epoch 268/500:   0%|          | 0/32 [00:00<?, ?it/s]
                                                     
Epoch 268/500, Loss: 0.069243

Epoch 269/500:   0%|          | 0/32 [00:00<?, ?it/s]
                                                     
Epoch 269/500, Loss: 0.062560

Epoch 270/500:   0%|          | 0/32 [00:00<?, ?it/s]
                                                     
Epoch 270/500, Loss: 0.062934

Epoch 271/500:   0%|          | 0/32 [00:00<?, ?it/s]
                                                     
Epoch 271/500, Loss: 0.066617

Epoch 272/500:   0%|          | 0/32 [00:00<?, ?it/s]
                                                     
Epoch 272/500, Loss: 0.069019

Epoch 273/500:   0%|          | 0/32 [00:00<?, ?it/s]
                                                     
Epoch 273/500, Loss: 0.075911

Epoch 274/500:   0%|          | 0/32 [00:00<?, ?it/s]
                                                     
Epoch 274/500, Loss: 0.067559

Epoch 275/500:   0%|          | 0/32 [00:00<?, ?it/s]
                                                     
Epoch 275/500, Loss: 0.085854

Epoch 276/500:   0%|          | 0/32 [00:00<?, ?it/s]
                                                     
Epoch 276/500, Loss: 0.065409

Epoch 277/500:   0%|          | 0/32 [00:00<?, ?it/s]
                                                     
Epoch 277/500, Loss: 0.074447

Epoch 278/500:   0%|          | 0/32 [00:00<?, ?it/s]
                                                     
Epoch 278/500, Loss: 0.063726

Epoch 279/500:   0%|          | 0/32 [00:00<?, ?it/s]
                                                     
Epoch 279/500, Loss: 0.070680

Epoch 280/500:   0%|          | 0/32 [00:00<?, ?it/s]
                                                     
Epoch 280/500, Loss: 0.067224

Epoch 281/500:   0%|          | 0/32 [00:00<?, ?it/s]
                                                     
Epoch 281/500, Loss: 0.060555

Epoch 282/500:   0%|          | 0/32 [00:00<?, ?it/s]
                                                     
Epoch 282/500, Loss: 0.071786

Epoch 283/500:   0%|          | 0/32 [00:00<?, ?it/s]
                                                     
Epoch 283/500, Loss: 0.055974

Epoch 284/500:   0%|          | 0/32 [00:00<?, ?it/s]
                                                     
Epoch 284/500, Loss: 0.073375

Epoch 285/500:   0%|          | 0/32 [00:00<?, ?it/s]
                                                     
Epoch 285/500, Loss: 0.066778

Epoch 286/500:   0%|          | 0/32 [00:00<?, ?it/s]
                                                     
Epoch 286/500, Loss: 0.064244

Epoch 287/500:   0%|          | 0/32 [00:00<?, ?it/s]
                                                     
Epoch 287/500, Loss: 0.067334

Epoch 288/500:   0%|          | 0/32 [00:00<?, ?it/s]
                                                     
Epoch 288/500, Loss: 0.058459

Epoch 289/500:   0%|          | 0/32 [00:00<?, ?it/s]
                                                     
Epoch 289/500, Loss: 0.065199

Epoch 290/500:   0%|          | 0/32 [00:00<?, ?it/s]
                                                     
Epoch 290/500, Loss: 0.062093

Epoch 291/500:   0%|          | 0/32 [00:00<?, ?it/s]
                                                     
Epoch 291/500, Loss: 0.066768

Epoch 292/500:   0%|          | 0/32 [00:00<?, ?it/s]
                                                     
Epoch 292/500, Loss: 0.065263

Epoch 293/500:   0%|          | 0/32 [00:00<?, ?it/s]
                                                     
Epoch 293/500, Loss: 0.062628

Epoch 294/500:   0%|          | 0/32 [00:00<?, ?it/s]
                                                     
Epoch 294/500, Loss: 0.073707

Epoch 295/500:   0%|          | 0/32 [00:00<?, ?it/s]
                                                     
Epoch 295/500, Loss: 0.064266

Epoch 296/500:   0%|          | 0/32 [00:00<?, ?it/s]
                                                     
Epoch 296/500, Loss: 0.075413

Epoch 297/500:   0%|          | 0/32 [00:00<?, ?it/s]
                                                     
Epoch 297/500, Loss: 0.070354

Epoch 298/500:   0%|          | 0/32 [00:00<?, ?it/s]
                                                     
Epoch 298/500, Loss: 0.082263

Epoch 299/500:   0%|          | 0/32 [00:00<?, ?it/s]
                                                     
Epoch 299/500, Loss: 0.069093

Epoch 300/500:   0%|          | 0/32 [00:00<?, ?it/s]
                                                     
Epoch 300/500, Loss: 0.067552

Epoch 301/500:   0%|          | 0/32 [00:00<?, ?it/s]
                                                     
Epoch 301/500, Loss: 0.059042

Epoch 302/500:   0%|          | 0/32 [00:00<?, ?it/s]
                                                     
Epoch 302/500, Loss: 0.061725

Epoch 303/500:   0%|          | 0/32 [00:00<?, ?it/s]
                                                     
Epoch 303/500, Loss: 0.062839

Epoch 304/500:   0%|          | 0/32 [00:00<?, ?it/s]
                                                     
Epoch 304/500, Loss: 0.065347

Epoch 305/500:   0%|          | 0/32 [00:00<?, ?it/s]
                                                     
Epoch 305/500, Loss: 0.064464

Epoch 306/500:   0%|          | 0/32 [00:00<?, ?it/s]
                                                     
Epoch 306/500, Loss: 0.062915

Epoch 307/500:   0%|          | 0/32 [00:00<?, ?it/s]
                                                     
Epoch 307/500, Loss: 0.062376

Epoch 308/500:   0%|          | 0/32 [00:00<?, ?it/s]
                                                     
Epoch 308/500, Loss: 0.057825

Epoch 309/500:   0%|          | 0/32 [00:00<?, ?it/s]
                                                     
Epoch 309/500, Loss: 0.065046

Epoch 310/500:   0%|          | 0/32 [00:00<?, ?it/s]
                                                     
Epoch 310/500, Loss: 0.065918

Epoch 311/500:   0%|          | 0/32 [00:00<?, ?it/s]
                                                     
Epoch 311/500, Loss: 0.071398

Epoch 312/500:   0%|          | 0/32 [00:00<?, ?it/s]
                                                     
Epoch 312/500, Loss: 0.070668

Epoch 313/500:   0%|          | 0/32 [00:00<?, ?it/s]
                                                     
Epoch 313/500, Loss: 0.072723

Epoch 314/500:   0%|          | 0/32 [00:00<?, ?it/s]
                                                     
Epoch 314/500, Loss: 0.065430

Epoch 315/500:   0%|          | 0/32 [00:00<?, ?it/s]
                                                     
Epoch 315/500, Loss: 0.060543

Epoch 316/500:   0%|          | 0/32 [00:00<?, ?it/s]
                                                     
Epoch 316/500, Loss: 0.065486

Epoch 317/500:   0%|          | 0/32 [00:00<?, ?it/s]
                                                     
Epoch 317/500, Loss: 0.066156

Epoch 318/500:   0%|          | 0/32 [00:00<?, ?it/s]
                                                     
Epoch 318/500, Loss: 0.061990

Epoch 319/500:   0%|          | 0/32 [00:00<?, ?it/s]
                                                     
Epoch 319/500, Loss: 0.062663

Epoch 320/500:   0%|          | 0/32 [00:00<?, ?it/s]
                                                     
Epoch 320/500, Loss: 0.062056

Epoch 321/500:   0%|          | 0/32 [00:00<?, ?it/s]
                                                     
Epoch 321/500, Loss: 0.073481

Epoch 322/500:   0%|          | 0/32 [00:00<?, ?it/s]
                                                     
Epoch 322/500, Loss: 0.069380

Epoch 323/500:   0%|          | 0/32 [00:00<?, ?it/s]
                                                     
Epoch 323/500, Loss: 0.061390

Epoch 324/500:   0%|          | 0/32 [00:00<?, ?it/s]
                                                     
Epoch 324/500, Loss: 0.076082

Epoch 325/500:   0%|          | 0/32 [00:00<?, ?it/s]
                                                     
Epoch 325/500, Loss: 0.062697

Epoch 326/500:   0%|          | 0/32 [00:00<?, ?it/s]
                                                     
Epoch 326/500, Loss: 0.068703

Epoch 327/500:   0%|          | 0/32 [00:00<?, ?it/s]
                                                     
Epoch 327/500, Loss: 0.056493

Epoch 328/500:   0%|          | 0/32 [00:00<?, ?it/s]
                                                     
Epoch 328/500, Loss: 0.073834

Epoch 329/500:   0%|          | 0/32 [00:00<?, ?it/s]
                                                     
Epoch 329/500, Loss: 0.068564

Epoch 330/500:   0%|          | 0/32 [00:00<?, ?it/s]
                                                     
Epoch 330/500, Loss: 0.068309

Epoch 331/500:   0%|          | 0/32 [00:00<?, ?it/s]
                                                     
Epoch 331/500, Loss: 0.068461

Epoch 332/500:   0%|          | 0/32 [00:00<?, ?it/s]
                                                     
Epoch 332/500, Loss: 0.080387

Epoch 333/500:   0%|          | 0/32 [00:00<?, ?it/s]
                                                     
Epoch 333/500, Loss: 0.072241

Epoch 334/500:   0%|          | 0/32 [00:00<?, ?it/s]
                                                     
Epoch 334/500, Loss: 0.063933

Epoch 335/500:   0%|          | 0/32 [00:00<?, ?it/s]
                                                     
Epoch 335/500, Loss: 0.066892

Epoch 336/500:   0%|          | 0/32 [00:00<?, ?it/s]
                                                     
Epoch 336/500, Loss: 0.058548

Epoch 337/500:   0%|          | 0/32 [00:00<?, ?it/s]
                                                     
Epoch 337/500, Loss: 0.063580

Epoch 338/500:   0%|          | 0/32 [00:00<?, ?it/s]
                                                     
Epoch 338/500, Loss: 0.066652

Epoch 339/500:   0%|          | 0/32 [00:00<?, ?it/s]
                                                     
Epoch 339/500, Loss: 0.062830

Epoch 340/500:   0%|          | 0/32 [00:00<?, ?it/s]
                                                     
Epoch 340/500, Loss: 0.079594

Epoch 341/500:   0%|          | 0/32 [00:00<?, ?it/s]
                                                     
Epoch 341/500, Loss: 0.057507

Epoch 342/500:   0%|          | 0/32 [00:00<?, ?it/s]
                                                     
Epoch 342/500, Loss: 0.072619

Epoch 343/500:   0%|          | 0/32 [00:00<?, ?it/s]
                                                     
Epoch 343/500, Loss: 0.065819

Epoch 344/500:   0%|          | 0/32 [00:00<?, ?it/s]
                                                     
Epoch 344/500, Loss: 0.070154

Epoch 345/500:   0%|          | 0/32 [00:00<?, ?it/s]
                                                     
Epoch 345/500, Loss: 0.061778

Epoch 346/500:   0%|          | 0/32 [00:00<?, ?it/s]
                                                     
Epoch 346/500, Loss: 0.077663

Epoch 347/500:   0%|          | 0/32 [00:00<?, ?it/s]
                                                     
Epoch 347/500, Loss: 0.069084

Epoch 348/500:   0%|          | 0/32 [00:00<?, ?it/s]
                                                     
Epoch 348/500, Loss: 0.068365

Epoch 349/500:   0%|          | 0/32 [00:00<?, ?it/s]
                                                     
Epoch 349/500, Loss: 0.065750

Epoch 350/500:   0%|          | 0/32 [00:00<?, ?it/s]
                                                     
Epoch 350/500, Loss: 0.061942

Epoch 351/500:   0%|          | 0/32 [00:00<?, ?it/s]
                                                     
Epoch 351/500, Loss: 0.066351

Epoch 352/500:   0%|          | 0/32 [00:00<?, ?it/s]
                                                     
Epoch 352/500, Loss: 0.061141

Epoch 353/500:   0%|          | 0/32 [00:00<?, ?it/s]
                                                     
Epoch 353/500, Loss: 0.071852

Epoch 354/500:   0%|          | 0/32 [00:00<?, ?it/s]
                                                     
Epoch 354/500, Loss: 0.063962

Epoch 355/500:   0%|          | 0/32 [00:00<?, ?it/s]
                                                     
Epoch 355/500, Loss: 0.059194

Epoch 356/500:   0%|          | 0/32 [00:00<?, ?it/s]
                                                     
Epoch 356/500, Loss: 0.065297

Epoch 357/500:   0%|          | 0/32 [00:00<?, ?it/s]
                                                     
Epoch 357/500, Loss: 0.058754

Epoch 358/500:   0%|          | 0/32 [00:00<?, ?it/s]
                                                     
Epoch 358/500, Loss: 0.068535

Epoch 359/500:   0%|          | 0/32 [00:00<?, ?it/s]
                                                     
Epoch 359/500, Loss: 0.061860

Epoch 360/500:   0%|          | 0/32 [00:00<?, ?it/s]
                                                     
Epoch 360/500, Loss: 0.073057

Epoch 361/500:   0%|          | 0/32 [00:00<?, ?it/s]
                                                     
Epoch 361/500, Loss: 0.071198

Epoch 362/500:   0%|          | 0/32 [00:00<?, ?it/s]
                                                     
Epoch 362/500, Loss: 0.063657

Epoch 363/500:   0%|          | 0/32 [00:00<?, ?it/s]
                                                     
Epoch 363/500, Loss: 0.065707

Epoch 364/500:   0%|          | 0/32 [00:00<?, ?it/s]
                                                     
Epoch 364/500, Loss: 0.062723

Epoch 365/500:   0%|          | 0/32 [00:00<?, ?it/s]
                                                     
Epoch 365/500, Loss: 0.068742

Epoch 366/500:   0%|          | 0/32 [00:00<?, ?it/s]
                                                     
Epoch 366/500, Loss: 0.059460

Epoch 367/500:   0%|          | 0/32 [00:00<?, ?it/s]
                                                     
Epoch 367/500, Loss: 0.093366

Epoch 368/500:   0%|          | 0/32 [00:00<?, ?it/s]
                                                     
Epoch 368/500, Loss: 0.062156

Epoch 369/500:   0%|          | 0/32 [00:00<?, ?it/s]
                                                     
Epoch 369/500, Loss: 0.061123

Epoch 370/500:   0%|          | 0/32 [00:00<?, ?it/s]
                                                     
Epoch 370/500, Loss: 0.054539

Epoch 371/500:   0%|          | 0/32 [00:00<?, ?it/s]
                                                     
Epoch 371/500, Loss: 0.067145

Epoch 372/500:   0%|          | 0/32 [00:00<?, ?it/s]
                                                     
Epoch 372/500, Loss: 0.065065

Epoch 373/500:   0%|          | 0/32 [00:00<?, ?it/s]
                                                     
Epoch 373/500, Loss: 0.077262

Epoch 374/500:   0%|          | 0/32 [00:00<?, ?it/s]
                                                     
Epoch 374/500, Loss: 0.072221

Epoch 375/500:   0%|          | 0/32 [00:00<?, ?it/s]
                                                     
Epoch 375/500, Loss: 0.065732

Epoch 376/500:   0%|          | 0/32 [00:00<?, ?it/s]
                                                     
Epoch 376/500, Loss: 0.064656

Epoch 377/500:   0%|          | 0/32 [00:00<?, ?it/s]
                                                     
Epoch 377/500, Loss: 0.059009

Epoch 378/500:   0%|          | 0/32 [00:00<?, ?it/s]
                                                     
Epoch 378/500, Loss: 0.057048

Epoch 379/500:   0%|          | 0/32 [00:00<?, ?it/s]
                                                     
Epoch 379/500, Loss: 0.064399

Epoch 380/500:   0%|          | 0/32 [00:00<?, ?it/s]
                                                     
Epoch 380/500, Loss: 0.060460

Epoch 381/500:   0%|          | 0/32 [00:00<?, ?it/s]
                                                     
Epoch 381/500, Loss: 0.070671

Epoch 382/500:   0%|          | 0/32 [00:00<?, ?it/s]
                                                     
Epoch 382/500, Loss: 0.074694

Epoch 383/500:   0%|          | 0/32 [00:00<?, ?it/s]
                                                     
Epoch 383/500, Loss: 0.068290

Epoch 384/500:   0%|          | 0/32 [00:00<?, ?it/s]
                                                     
Epoch 384/500, Loss: 0.069659

Epoch 385/500:   0%|          | 0/32 [00:00<?, ?it/s]
                                                     
Epoch 385/500, Loss: 0.065175

Epoch 386/500:   0%|          | 0/32 [00:00<?, ?it/s]
                                                     
Epoch 386/500, Loss: 0.069852

Epoch 387/500:   0%|          | 0/32 [00:00<?, ?it/s]
                                                     
Epoch 387/500, Loss: 0.062646

Epoch 388/500:   0%|          | 0/32 [00:00<?, ?it/s]
                                                     
Epoch 388/500, Loss: 0.074522

Epoch 389/500:   0%|          | 0/32 [00:00<?, ?it/s]
                                                     
Epoch 389/500, Loss: 0.073710

Epoch 390/500:   0%|          | 0/32 [00:00<?, ?it/s]
                                                     
Epoch 390/500, Loss: 0.078820

Epoch 391/500:   0%|          | 0/32 [00:00<?, ?it/s]
                                                     
Epoch 391/500, Loss: 0.069584

Epoch 392/500:   0%|          | 0/32 [00:00<?, ?it/s]
                                                     
Epoch 392/500, Loss: 0.063568

Epoch 393/500:   0%|          | 0/32 [00:00<?, ?it/s]
                                                     
Epoch 393/500, Loss: 0.067693

Epoch 394/500:   0%|          | 0/32 [00:00<?, ?it/s]
                                                     
Epoch 394/500, Loss: 0.069064

Epoch 395/500:   0%|          | 0/32 [00:00<?, ?it/s]
                                                     
Epoch 395/500, Loss: 0.060378

Epoch 396/500:   0%|          | 0/32 [00:00<?, ?it/s]
                                                     
Epoch 396/500, Loss: 0.063526

Epoch 397/500:   0%|          | 0/32 [00:00<?, ?it/s]
                                                     
Epoch 397/500, Loss: 0.061992

Epoch 398/500:   0%|          | 0/32 [00:00<?, ?it/s]
                                                     
Epoch 398/500, Loss: 0.069411

Epoch 399/500:   0%|          | 0/32 [00:00<?, ?it/s]
                                                     
Epoch 399/500, Loss: 0.076372

Epoch 400/500:   0%|          | 0/32 [00:00<?, ?it/s]
                                                     
Epoch 400/500, Loss: 0.062730

Epoch 401/500:   0%|          | 0/32 [00:00<?, ?it/s]
                                                     
Epoch 401/500, Loss: 0.062702

Epoch 402/500:   0%|          | 0/32 [00:00<?, ?it/s]
                                                     
Epoch 402/500, Loss: 0.069733

Epoch 403/500:   0%|          | 0/32 [00:00<?, ?it/s]
                                                     
Epoch 403/500, Loss: 0.069682

Epoch 404/500:   0%|          | 0/32 [00:00<?, ?it/s]
                                                     
Epoch 404/500, Loss: 0.062355

Epoch 405/500:   0%|          | 0/32 [00:00<?, ?it/s]
                                                     
Epoch 405/500, Loss: 0.069529

Epoch 406/500:   0%|          | 0/32 [00:00<?, ?it/s]
                                                     
Epoch 406/500, Loss: 0.081661

Epoch 407/500:   0%|          | 0/32 [00:00<?, ?it/s]
                                                     
Epoch 407/500, Loss: 0.057798

Epoch 408/500:   0%|          | 0/32 [00:00<?, ?it/s]
                                                     
Epoch 408/500, Loss: 0.063320

Epoch 409/500:   0%|          | 0/32 [00:00<?, ?it/s]
                                                     
Epoch 409/500, Loss: 0.077276

Epoch 410/500:   0%|          | 0/32 [00:00<?, ?it/s]
                                                     
Epoch 410/500, Loss: 0.066729

Epoch 411/500:   0%|          | 0/32 [00:00<?, ?it/s]
                                                     
Epoch 411/500, Loss: 0.067005

Epoch 412/500:   0%|          | 0/32 [00:00<?, ?it/s]
                                                     
Epoch 412/500, Loss: 0.059658

Epoch 413/500:   0%|          | 0/32 [00:00<?, ?it/s]
                                                     
Epoch 413/500, Loss: 0.072224

Epoch 414/500:   0%|          | 0/32 [00:00<?, ?it/s]
                                                     
Epoch 414/500, Loss: 0.081528

Epoch 415/500:   0%|          | 0/32 [00:00<?, ?it/s]
                                                     
Epoch 415/500, Loss: 0.067747

Epoch 416/500:   0%|          | 0/32 [00:00<?, ?it/s]
                                                     
Epoch 416/500, Loss: 0.058840

Epoch 417/500:   0%|          | 0/32 [00:00<?, ?it/s]
                                                     
Epoch 417/500, Loss: 0.066317

Epoch 418/500:   0%|          | 0/32 [00:00<?, ?it/s]
                                                     
Epoch 418/500, Loss: 0.060466

Epoch 419/500:   0%|          | 0/32 [00:00<?, ?it/s]
                                                     
Epoch 419/500, Loss: 0.074884

Epoch 420/500:   0%|          | 0/32 [00:00<?, ?it/s]
                                                     
Epoch 420/500, Loss: 0.057627

Epoch 421/500:   0%|          | 0/32 [00:00<?, ?it/s]
                                                     
Epoch 421/500, Loss: 0.065872

Epoch 422/500:   0%|          | 0/32 [00:00<?, ?it/s]
                                                     
Epoch 422/500, Loss: 0.062891

Epoch 423/500:   0%|          | 0/32 [00:00<?, ?it/s]
                                                     
Epoch 423/500, Loss: 0.065411

Epoch 424/500:   0%|          | 0/32 [00:00<?, ?it/s]
                                                     
Epoch 424/500, Loss: 0.067729

Epoch 425/500:   0%|          | 0/32 [00:00<?, ?it/s]
                                                     
Epoch 425/500, Loss: 0.067242

Epoch 426/500:   0%|          | 0/32 [00:00<?, ?it/s]
                                                     
Epoch 426/500, Loss: 0.061357

Epoch 427/500:   0%|          | 0/32 [00:00<?, ?it/s]
                                                     
Epoch 427/500, Loss: 0.058587

Epoch 428/500:   0%|          | 0/32 [00:00<?, ?it/s]
                                                     
Epoch 428/500, Loss: 0.071105

Epoch 429/500:   0%|          | 0/32 [00:00<?, ?it/s]
                                                     
Epoch 429/500, Loss: 0.064113

Epoch 430/500:   0%|          | 0/32 [00:00<?, ?it/s]
                                                     
Epoch 430/500, Loss: 0.076469

Epoch 431/500:   0%|          | 0/32 [00:00<?, ?it/s]
                                                     
Epoch 431/500, Loss: 0.062764

Epoch 432/500:   0%|          | 0/32 [00:00<?, ?it/s]
                                                     
Epoch 432/500, Loss: 0.071093

Epoch 433/500:   0%|          | 0/32 [00:00<?, ?it/s]
                                                     
Epoch 433/500, Loss: 0.073624

Epoch 434/500:   0%|          | 0/32 [00:00<?, ?it/s]
                                                     
Epoch 434/500, Loss: 0.067246

Epoch 435/500:   0%|          | 0/32 [00:00<?, ?it/s]
                                                     
Epoch 435/500, Loss: 0.076125

Epoch 436/500:   0%|          | 0/32 [00:00<?, ?it/s]
                                                     
Epoch 436/500, Loss: 0.078691

Epoch 437/500:   0%|          | 0/32 [00:00<?, ?it/s]
                                                     
Epoch 437/500, Loss: 0.065785

Epoch 438/500:   0%|          | 0/32 [00:00<?, ?it/s]
                                                     
Epoch 438/500, Loss: 0.065910

Epoch 439/500:   0%|          | 0/32 [00:00<?, ?it/s]
                                                     
Epoch 439/500, Loss: 0.069618

Epoch 440/500:   0%|          | 0/32 [00:00<?, ?it/s]
                                                     
Epoch 440/500, Loss: 0.068577

Epoch 441/500:   0%|          | 0/32 [00:00<?, ?it/s]
Epoch 441/500:  91%|â–ˆâ–ˆâ–ˆâ–ˆâ–ˆâ–ˆâ–ˆâ–ˆâ–ˆ | 29/32 [00:00<00:00, 279.61it/s]
                                                               
Epoch 441/500, Loss: 0.061495

Epoch 442/500:   0%|          | 0/32 [00:00<?, ?it/s]
Epoch 442/500:  84%|â–ˆâ–ˆâ–ˆâ–ˆâ–ˆâ–ˆâ–ˆâ–ˆâ– | 27/32 [00:00<00:00, 268.12it/s]
                                                               
Epoch 442/500, Loss: 0.061534

Epoch 443/500:   0%|          | 0/32 [00:00<?, ?it/s]
                                                     
Epoch 443/500, Loss: 0.067386

Epoch 444/500:   0%|          | 0/32 [00:00<?, ?it/s]
                                                     
Epoch 444/500, Loss: 0.071891

Epoch 445/500:   0%|          | 0/32 [00:00<?, ?it/s]
                                                     
Epoch 445/500, Loss: 0.078956

Epoch 446/500:   0%|          | 0/32 [00:00<?, ?it/s]
                                                     
Epoch 446/500, Loss: 0.060820

Epoch 447/500:   0%|          | 0/32 [00:00<?, ?it/s]
                                                     
Epoch 447/500, Loss: 0.066991

Epoch 448/500:   0%|          | 0/32 [00:00<?, ?it/s]
                                                     
Epoch 448/500, Loss: 0.064874

Epoch 449/500:   0%|          | 0/32 [00:00<?, ?it/s]
                                                     
Epoch 449/500, Loss: 0.067521

Epoch 450/500:   0%|          | 0/32 [00:00<?, ?it/s]
                                                     
Epoch 450/500, Loss: 0.065159

Epoch 451/500:   0%|          | 0/32 [00:00<?, ?it/s]
                                                     
Epoch 451/500, Loss: 0.059634

Epoch 452/500:   0%|          | 0/32 [00:00<?, ?it/s]
                                                     
Epoch 452/500, Loss: 0.064348

Epoch 453/500:   0%|          | 0/32 [00:00<?, ?it/s]
                                                     
Epoch 453/500, Loss: 0.065149

Epoch 454/500:   0%|          | 0/32 [00:00<?, ?it/s]
                                                     
Epoch 454/500, Loss: 0.065575

Epoch 455/500:   0%|          | 0/32 [00:00<?, ?it/s]
                                                     
Epoch 455/500, Loss: 0.061119

Epoch 456/500:   0%|          | 0/32 [00:00<?, ?it/s]
                                                     
Epoch 456/500, Loss: 0.055623

Epoch 457/500:   0%|          | 0/32 [00:00<?, ?it/s]
                                                     
Epoch 457/500, Loss: 0.055981

Epoch 458/500:   0%|          | 0/32 [00:00<?, ?it/s]
                                                     
Epoch 458/500, Loss: 0.071616

Epoch 459/500:   0%|          | 0/32 [00:00<?, ?it/s]
                                                     
Epoch 459/500, Loss: 0.071359

Epoch 460/500:   0%|          | 0/32 [00:00<?, ?it/s]
                                                     
Epoch 460/500, Loss: 0.065087

Epoch 461/500:   0%|          | 0/32 [00:00<?, ?it/s]
                                                     
Epoch 461/500, Loss: 0.058411

Epoch 462/500:   0%|          | 0/32 [00:00<?, ?it/s]
                                                     
Epoch 462/500, Loss: 0.060905

Epoch 463/500:   0%|          | 0/32 [00:00<?, ?it/s]
                                                     
Epoch 463/500, Loss: 0.055465

Epoch 464/500:   0%|          | 0/32 [00:00<?, ?it/s]
                                                     
Epoch 464/500, Loss: 0.057580

Epoch 465/500:   0%|          | 0/32 [00:00<?, ?it/s]
                                                     
Epoch 465/500, Loss: 0.066077

Epoch 466/500:   0%|          | 0/32 [00:00<?, ?it/s]
                                                     
Epoch 466/500, Loss: 0.074297

Epoch 467/500:   0%|          | 0/32 [00:00<?, ?it/s]
                                                     
Epoch 467/500, Loss: 0.062580

Epoch 468/500:   0%|          | 0/32 [00:00<?, ?it/s]
                                                     
Epoch 468/500, Loss: 0.070294

Epoch 469/500:   0%|          | 0/32 [00:00<?, ?it/s]
                                                     
Epoch 469/500, Loss: 0.061617

Epoch 470/500:   0%|          | 0/32 [00:00<?, ?it/s]
                                                     
Epoch 470/500, Loss: 0.066728

Epoch 471/500:   0%|          | 0/32 [00:00<?, ?it/s]
                                                     
Epoch 471/500, Loss: 0.056126

Epoch 472/500:   0%|          | 0/32 [00:00<?, ?it/s]
                                                     
Epoch 472/500, Loss: 0.063245

Epoch 473/500:   0%|          | 0/32 [00:00<?, ?it/s]
                                                     
Epoch 473/500, Loss: 0.063544

Epoch 474/500:   0%|          | 0/32 [00:00<?, ?it/s]
                                                     
Epoch 474/500, Loss: 0.057057

Epoch 475/500:   0%|          | 0/32 [00:00<?, ?it/s]
                                                     
Epoch 475/500, Loss: 0.067686

Epoch 476/500:   0%|          | 0/32 [00:00<?, ?it/s]
                                                     
Epoch 476/500, Loss: 0.063572

Epoch 477/500:   0%|          | 0/32 [00:00<?, ?it/s]
                                                     
Epoch 477/500, Loss: 0.073365

Epoch 478/500:   0%|          | 0/32 [00:00<?, ?it/s]
                                                     
Epoch 478/500, Loss: 0.061570

Epoch 479/500:   0%|          | 0/32 [00:00<?, ?it/s]
                                                     
Epoch 479/500, Loss: 0.062652

Epoch 480/500:   0%|          | 0/32 [00:00<?, ?it/s]
                                                     
Epoch 480/500, Loss: 0.062689

Epoch 481/500:   0%|          | 0/32 [00:00<?, ?it/s]
                                                     
Epoch 481/500, Loss: 0.065717

Epoch 482/500:   0%|          | 0/32 [00:00<?, ?it/s]
                                                     
Epoch 482/500, Loss: 0.071572

Epoch 483/500:   0%|          | 0/32 [00:00<?, ?it/s]
                                                     
Epoch 483/500, Loss: 0.068461

Epoch 484/500:   0%|          | 0/32 [00:00<?, ?it/s]
                                                     
Epoch 484/500, Loss: 0.066839

Epoch 485/500:   0%|          | 0/32 [00:00<?, ?it/s]
                                                     
Epoch 485/500, Loss: 0.066464

Epoch 486/500:   0%|          | 0/32 [00:00<?, ?it/s]
                                                     
Epoch 486/500, Loss: 0.062091

Epoch 487/500:   0%|          | 0/32 [00:00<?, ?it/s]
                                                     
Epoch 487/500, Loss: 0.074959

Epoch 488/500:   0%|          | 0/32 [00:00<?, ?it/s]
                                                     
Epoch 488/500, Loss: 0.056349

Epoch 489/500:   0%|          | 0/32 [00:00<?, ?it/s]
                                                     
Epoch 489/500, Loss: 0.070235

Epoch 490/500:   0%|          | 0/32 [00:00<?, ?it/s]
                                                     
Epoch 490/500, Loss: 0.058683

Epoch 491/500:   0%|          | 0/32 [00:00<?, ?it/s]
                                                     
Epoch 491/500, Loss: 0.063399

Epoch 492/500:   0%|          | 0/32 [00:00<?, ?it/s]
                                                     
Epoch 492/500, Loss: 0.062502

Epoch 493/500:   0%|          | 0/32 [00:00<?, ?it/s]
                                                     
Epoch 493/500, Loss: 0.071412

Epoch 494/500:   0%|          | 0/32 [00:00<?, ?it/s]
                                                     
Epoch 494/500, Loss: 0.058808

Epoch 495/500:   0%|          | 0/32 [00:00<?, ?it/s]
                                                     
Epoch 495/500, Loss: 0.065847

Epoch 496/500:   0%|          | 0/32 [00:00<?, ?it/s]
                                                     
Epoch 496/500, Loss: 0.074850

Epoch 497/500:   0%|          | 0/32 [00:00<?, ?it/s]
                                                     
Epoch 497/500, Loss: 0.062496

Epoch 498/500:   0%|          | 0/32 [00:00<?, ?it/s]
                                                     
Epoch 498/500, Loss: 0.066547

Epoch 499/500:   0%|          | 0/32 [00:00<?, ?it/s]
                                                     
Epoch 499/500, Loss: 0.071145

Epoch 500/500:   0%|          | 0/32 [00:00<?, ?it/s]
                                                     
Epoch 500/500, Loss: 0.063730
Normalization parameters saved to normalization_params.npz
