--- Round 0 ---
input bounds (pensieve input):
	lower: [[0.      0.      0.      0.      0.      0.      0.      0.66279]
 [0.      0.      0.      0.      0.      0.      0.      0.4    ]
 [0.      0.      0.      0.      0.      0.      0.      0.07   ]
 [0.      0.      0.      0.      0.      0.      0.      0.15   ]
 [0.11    0.26    0.39    0.6     0.89    1.43    0.      0.     ]
 [0.      0.      0.      0.      0.      0.      0.      0.     ]]
	upper: [[0.      0.      0.      0.      0.      0.      0.      0.66279]
 [0.      0.      0.      0.      0.      0.      0.      0.5    ]
 [0.      0.      0.      0.      0.      0.      0.      0.78   ]
 [0.      0.      0.      0.      0.      0.      0.      0.66   ]
 [0.18    0.45    0.71    1.08    1.73    2.4     0.      0.     ]
 [0.      0.      0.      0.      0.      0.      0.      0.96   ]]
	input br (last br) index: 4
logit bounds (pensieve output):
	lower: [[-4.5863795  3.485603   5.1749306 -8.811504   3.8581052 -0.9410076]]
	upper: [[-2.0713053  4.7182903  6.1619616 -6.4838057  5.9483275  2.3621874]]
	predicted br index: 2
input bounds (ENV input):
	lower: [0.   0.   0.   0.   0.   0.   0.   0.   0.   0.   0.   0.   0.   0.
 0.   0.   0.   0.01 0.39]
	upper: [0.   0.   0.   0.   0.   0.   0.   0.   0.   0.   0.   0.   0.   0.
 0.   0.   0.78 0.15 0.71]
input bounds (ENV input) -- norm:
	lower: tensor([[0.0000, 0.0000, 0.0000, 0.0000, 0.0000, 0.0000, 0.0000, 0.0000, 0.0000,
         0.0000, 0.0000, 0.0000, 0.0000, 0.0000, 0.0000, 0.0000, 0.0000, 0.0141,
         0.0516]], device='cuda:0')
	upper: tensor([[0.0000, 0.0000, 0.0000, 0.0000, 0.0000, 0.0000, 0.0000, 0.0000, 0.0000,
         0.0000, 0.0000, 0.0000, 0.0000, 0.0000, 0.0000, 0.0000, 0.0126, 0.2109,
         0.0940]], device='cuda:0')
dt bounds (ENV output) -- norm:
	lower: tensor([[0.0004]], device='cuda:0')
	upper: tensor([[0.0044]], device='cuda:0')
dt bounds (ENV output):
	lower: 0.07181016355752945
	upper: 0.7545197010040283
history update:
	past_chunk_size_lb: [0.   0.   0.   0.   0.   0.   0.   0.39]
	past_chunk_size_ub: [0.   0.   0.   0.   0.   0.   0.   0.71]
	past_download_time_lb: [0.         0.         0.         0.         0.         0.
 0.         0.07181016]
	past_download_time_ub: [0.        0.        0.        0.        0.        0.        0.
 0.7545197]
Delta QoE: 0.5213
