Found 1 CSV files
Loading: network_data_training_1000_new.csv
Total rows loaded: 141
Found 1 CSV files
Loading: network_data_testing_1000_new.csv
Total rows loaded: 102
Training data shape: X=(141, 19), y=(141,)
Testing data shape: X=(102, 19), y=(102,)
Normalization parameters loaded from normalization_params.npz
=== BEFORE NORMALIZATION ===
X_test shape: (141, 19)
y_test shape: (141,)

=== AFTER NORMALIZATION ===
X_test shape: (141, 19)

=== Clopper-Pearson Analysis ===
success = 121, total = 141
Observed probability (relative error ≤ 0.3): 0.8582
90% CI: [0.8006, 0.9040]
Normalization parameters loaded from normalization_params.npz
=== BEFORE NORMALIZATION ===
X_test shape: (102, 19)
y_test shape: (102,)

=== AFTER NORMALIZATION ===
X_test shape: (102, 19)

=== Clopper-Pearson Analysis ===
success = 6, total = 102
Observed probability (relative error ≤ 0.3): 0.0588
90% CI: [0.0259, 0.1128]
